#
# There is insufficient memory for the Java Runtime Environment to continue.
# Native memory allocation (malloc) failed to allocate 202256 bytes for Chunk::new
# Possible reasons:
#   The system is out of physical RAM or swap space
#   The process is running with CompressedOops enabled, and the Java Heap may be blocking the growth of the native heap
# Possible solutions:
#   Reduce memory load on the system
#   Increase physical memory or swap space
#   Check if swap backing store is full
#   Decrease Java heap size (-Xmx/-Xms)
#   Decrease number of Java threads
#   Decrease Java thread stack sizes (-Xss)
#   Set larger code cache with -XX:ReservedCodeCacheSize=
#   JVM is running with Unscaled Compressed Oops mode in which the Java heap is
#     placed in the first 4GB address space. The Java Heap base address is the
#     maximum limit for the native heap growth. Please use -XX:HeapBaseMinAddress
#     to set the Java Heap base and to place the Java Heap above 4GB virtual address.
# This output file may be truncated or incomplete.
#
#  Out of Memory Error (arena.cpp:189), pid=10672, tid=14920
#
# JRE version: OpenJDK Runtime Environment Temurin-17.0.6+10 (17.0.6+10) (build 17.0.6+10)
# Java VM: OpenJDK 64-Bit Server VM Temurin-17.0.6+10 (17.0.6+10, mixed mode, tiered, compressed oops, compressed class ptrs, parallel gc, windows-amd64)
# No core dump will be written. Minidumps are not enabled by default on client versions of Windows
#

---------------  S U M M A R Y ------------

Command Line: --add-modules=ALL-SYSTEM --add-opens=java.base/java.util=ALL-UNNAMED --add-opens=java.base/java.lang=ALL-UNNAMED --add-opens=java.base/sun.nio.fs=ALL-UNNAMED -Declipse.application=org.eclipse.jdt.ls.core.id1 -Dosgi.bundles.defaultStartLevel=4 -Declipse.product=org.eclipse.jdt.ls.core.product -Djava.import.generatesMetadataFilesAtProjectRoot=false -Dfile.encoding=utf8 -XX:+UseParallelGC -XX:GCTimeRatio=4 -XX:AdaptiveSizePolicyWeight=90 -Dsun.zip.disableMemoryMapping=true -Xmx1G -Xms100m -Xlog:disable -javaagent:c:\Users\pedro\.vscode\extensions\redhat.java-1.17.0-win32-x64\lombok\lombok-1.18.24.jar c:\Users\pedro\.vscode\extensions\redhat.java-1.17.0-win32-x64\server\plugins\org.eclipse.equinox.launcher_1.6.400.v20210924-0641.jar -configuration c:\Users\pedro\AppData\Roaming\Code\User\globalStorage\redhat.java\1.17.0\config_ss_win -data c:\Users\pedro\AppData\Roaming\Code\User\workspaceStorage\adc8b3d5f5d27284598be805ee3f90d9\redhat.java\ss_ws

Host: Intel(R) Celeron(R) N4020 CPU @ 1.10GHz, 2 cores, 3G,  Windows 11 , 64 bit Build 22621 (10.0.22621.1485)
Time: Sun Apr 23 15:56:05 2023 Hora oficial do Brasil elapsed time: 16.298307 seconds (0d 0h 0m 16s)

---------------  T H R E A D  ---------------

Current thread (0x0000017fef50a070):  JavaThread "C2 CompilerThread0" daemon [_thread_in_native, id=14920, stack(0x0000004bae600000,0x0000004bae700000)]


Current CompileTask:
C2:  16298 2748       4       jdk.internal.org.objectweb.asm.Frame::execute (2318 bytes)

Stack: [0x0000004bae600000,0x0000004bae700000]
Native frames: (J=compiled Java code, j=interpreted, Vv=VM code, C=native code)
V  [jvm.dll+0x67741a]
V  [jvm.dll+0x834434]
V  [jvm.dll+0x835bde]
V  [jvm.dll+0x836243]
V  [jvm.dll+0x2457b5]
V  [jvm.dll+0xabafc]
V  [jvm.dll+0xac0cc]
V  [jvm.dll+0x55f629]
V  [jvm.dll+0x32ddd0]
V  [jvm.dll+0x32d24a]
V  [jvm.dll+0x2185f1]
V  [jvm.dll+0x217a11]
V  [jvm.dll+0x1a3d0d]
V  [jvm.dll+0x22742a]
V  [jvm.dll+0x225565]
V  [jvm.dll+0x7ea2cb]
V  [jvm.dll+0x7e483a]
V  [jvm.dll+0x6762c5]
C  [ucrtbase.dll+0x29363]
C  [KERNEL32.DLL+0x1269d]
C  [ntdll.dll+0x5a9f8]


---------------  P R O C E S S  ---------------

Threads class SMR info:
_java_thread_list=0x0000017ff2eb6ad0, length=22, elements={
0x0000017fdb6fce40, 0x0000017fef4d2380, 0x0000017fef4d5ab0, 0x0000017fef505270,
0x0000017fef505e20, 0x0000017fef5069d0, 0x0000017fef509390, 0x0000017fef50a070,
0x0000017ff08b0130, 0x0000017ff08b51d0, 0x0000017ff096c000, 0x0000017ff0b53d80,
0x0000017ff124db80, 0x0000017ff1089fd0, 0x0000017ff108a770, 0x0000017ff10d40c0,
0x0000017ff09f5c90, 0x0000017ff13684c0, 0x0000017ff0f60470, 0x0000017ff0f617b0,
0x0000017ff0f612e0, 0x0000017ff0f5ffa0
}

Java Threads: ( => current thread )
  0x0000017fdb6fce40 JavaThread "main" [_thread_in_vm, id=6608, stack(0x0000004badd00000,0x0000004bade00000)]
  0x0000017fef4d2380 JavaThread "Reference Handler" daemon [_thread_blocked, id=6944, stack(0x0000004bae000000,0x0000004bae100000)]
  0x0000017fef4d5ab0 JavaThread "Finalizer" daemon [_thread_blocked, id=12696, stack(0x0000004bae100000,0x0000004bae200000)]
  0x0000017fef505270 JavaThread "Signal Dispatcher" daemon [_thread_blocked, id=8304, stack(0x0000004bae200000,0x0000004bae300000)]
  0x0000017fef505e20 JavaThread "Attach Listener" daemon [_thread_blocked, id=11196, stack(0x0000004bae300000,0x0000004bae400000)]
  0x0000017fef5069d0 JavaThread "Service Thread" daemon [_thread_blocked, id=2672, stack(0x0000004bae400000,0x0000004bae500000)]
  0x0000017fef509390 JavaThread "Monitor Deflation Thread" daemon [_thread_blocked, id=12796, stack(0x0000004bae500000,0x0000004bae600000)]
=>0x0000017fef50a070 JavaThread "C2 CompilerThread0" daemon [_thread_in_native, id=14920, stack(0x0000004bae600000,0x0000004bae700000)]
  0x0000017ff08b0130 JavaThread "C1 CompilerThread0" daemon [_thread_blocked, id=2668, stack(0x0000004bae700000,0x0000004bae800000)]
  0x0000017ff08b51d0 JavaThread "Sweeper thread" daemon [_thread_blocked, id=12952, stack(0x0000004bae800000,0x0000004bae900000)]
  0x0000017ff096c000 JavaThread "Common-Cleaner" daemon [_thread_blocked, id=15292, stack(0x0000004bae900000,0x0000004baea00000)]
  0x0000017ff0b53d80 JavaThread "Notification Thread" daemon [_thread_blocked, id=10596, stack(0x0000004baea00000,0x0000004baeb00000)]
  0x0000017ff124db80 JavaThread "Active Thread: Equinox Container: f769c645-57f6-4ddb-959c-e157870fbddb" [_thread_blocked, id=7460, stack(0x0000004baed00000,0x0000004baee00000)]
  0x0000017ff1089fd0 JavaThread "Framework Event Dispatcher: Equinox Container: f769c645-57f6-4ddb-959c-e157870fbddb" daemon [_thread_blocked, id=2772, stack(0x0000004baee00000,0x0000004baef00000)]
  0x0000017ff108a770 JavaThread "Start Level: Equinox Container: f769c645-57f6-4ddb-959c-e157870fbddb" daemon [_thread_blocked, id=11280, stack(0x0000004baef00000,0x0000004baf000000)]
  0x0000017ff10d40c0 JavaThread "SCR Component Actor" daemon [_thread_blocked, id=6336, stack(0x0000004baf000000,0x0000004baf100000)]
  0x0000017ff09f5c90 JavaThread "Worker-JM" [_thread_blocked, id=328, stack(0x0000004baf200000,0x0000004baf300000)]
  0x0000017ff13684c0 JavaThread "Worker-0" [_thread_blocked, id=696, stack(0x0000004baf300000,0x0000004baf400000)]
  0x0000017ff0f60470 JavaThread "Worker-1" [_thread_blocked, id=9476, stack(0x0000004baf400000,0x0000004baf500000)]
  0x0000017ff0f617b0 JavaThread "JNA Cleaner" daemon [_thread_blocked, id=5332, stack(0x0000004baf100000,0x0000004baf200000)]
  0x0000017ff0f612e0 JavaThread "pool-2-thread-1" [_thread_blocked, id=13712, stack(0x0000004baf500000,0x0000004baf600000)]
  0x0000017ff0f5ffa0 JavaThread "pool-1-thread-1" [_thread_blocked, id=11392, stack(0x0000004baf600000,0x0000004baf700000)]

Other Threads:
  0x0000017fdb78ec60 VMThread "VM Thread" [stack: 0x0000004badf00000,0x0000004bae000000] [id=7448]
  0x0000017ff0b54250 WatcherThread [stack: 0x0000004baeb00000,0x0000004baec00000] [id=1976]
  0x0000017fdb711140 GCTaskThread "GC Thread#0" [stack: 0x0000004bade00000,0x0000004badf00000] [id=11600]
  0x0000017ff101f200 GCTaskThread "GC Thread#1" [stack: 0x0000004baec00000,0x0000004baed00000] [id=14800]

Threads with active compile tasks:
C2 CompilerThread0    16361 2748       4       jdk.internal.org.objectweb.asm.Frame::execute (2318 bytes)

VM state: not at safepoint (normal execution)

VM Mutex/Monitor currently owned by a thread: None

Heap address: 0x00000000c0000000, size: 1024 MB, Compressed Oops mode: 32-bit

CDS archive(s) not mapped
Compressed class space mapped at: 0x0000000100000000-0x0000000140000000, reserved size: 1073741824
Narrow klass base: 0x0000000000000000, Narrow klass shift: 3, Narrow klass range: 0x140000000

GC Precious Log:
 CPUs: 2 total, 2 available
 Memory: 3916M
 Large Page Support: Disabled
 NUMA Support: Disabled
 Compressed Oops: Enabled (32-bit)
 Alignments: Space 512K, Generation 512K, Heap 2M
 Heap Min Capacity: 100M
 Heap Initial Capacity: 100M
 Heap Max Capacity: 1G
 Pre-touch: Disabled
 Parallel Workers: 2

Heap:
 PSYoungGen      total 25600K, used 3405K [0x00000000eab00000, 0x00000000ec880000, 0x0000000100000000)
  eden space 24064K, 7% used [0x00000000eab00000,0x00000000eacd83e8,0x00000000ec280000)
  from space 1536K, 98% used [0x00000000ec480000,0x00000000ec5fb2c0,0x00000000ec600000)
  to   space 2560K, 0% used [0x00000000ec600000,0x00000000ec600000,0x00000000ec880000)
 ParOldGen       total 68608K, used 7836K [0x00000000c0000000, 0x00000000c4300000, 0x00000000eab00000)
  object space 68608K, 11% used [0x00000000c0000000,0x00000000c07a73c8,0x00000000c4300000)
 Metaspace       used 32107K, committed 32768K, reserved 1081344K
  class space    used 3211K, committed 3520K, reserved 1048576K

Card table byte_map: [0x0000017fdb070000,0x0000017fdb280000] _byte_map_base: 0x0000017fdaa70000

Marking Bits: (ParMarkBitMap*) 0x00007ffdd1063e70
 Begin Bits: [0x0000017fed350000, 0x0000017fee350000)
 End Bits:   [0x0000017fee350000, 0x0000017fef350000)

Polling page: 0x0000017fd9690000

Metaspace:

Usage:
  Non-class:     28.22 MB used.
      Class:      3.14 MB used.
       Both:     31.35 MB used.

Virtual space:
  Non-class space:       32.00 MB reserved,      28.56 MB ( 89%) committed,  4 nodes.
      Class space:        1.00 GB reserved,       3.44 MB ( <1%) committed,  1 nodes.
             Both:        1.03 GB reserved,      32.00 MB (  3%) committed. 

Chunk freelists:
   Non-Class:  3.30 MB
       Class:  615.00 KB
        Both:  3.90 MB

MaxMetaspaceSize: unlimited
CompressedClassSpaceSize: 1.00 GB
Initial GC threshold: 21.00 MB
Current GC threshold: 35.00 MB
CDS: off
MetaspaceReclaimPolicy: balanced
 - commit_granule_bytes: 65536.
 - commit_granule_words: 8192.
 - virtual_space_node_default_size: 1048576.
 - enlarge_chunks_in_place: 1.
 - new_chunks_are_fully_committed: 0.
 - uncommit_free_chunks: 1.
 - use_allocation_guard: 0.
 - handle_deallocations: 1.


Internal statistics:

num_allocs_failed_limit: 3.
num_arena_births: 270.
num_arena_deaths: 14.
num_vsnodes_births: 5.
num_vsnodes_deaths: 0.
num_space_committed: 512.
num_space_uncommitted: 0.
num_chunks_returned_to_freelist: 17.
num_chunks_taken_from_freelist: 1178.
num_chunk_merges: 4.
num_chunk_splits: 771.
num_chunks_enlarged: 546.
num_purges: 2.
num_inconsistent_stats: 0.

CodeHeap 'non-profiled nmethods': size=120064Kb used=1061Kb max_used=1061Kb free=119002Kb
 bounds [0x0000017fe5e10000, 0x0000017fe6080000, 0x0000017fed350000]
CodeHeap 'profiled nmethods': size=120000Kb used=5592Kb max_used=5592Kb free=114407Kb
 bounds [0x0000017fde350000, 0x0000017fde8d0000, 0x0000017fe5880000]
CodeHeap 'non-nmethods': size=5696Kb used=1246Kb max_used=1272Kb free=4449Kb
 bounds [0x0000017fe5880000, 0x0000017fe5af0000, 0x0000017fe5e10000]
 total_blobs=3315 nmethods=2750 adapters=480
 compilation: enabled
              stopped_count=0, restarted_count=0
 full_count=0

Compilation events (20 events):
Event: 16.034 Thread 0x0000017fef50a070 2745       4       java.lang.reflect.Modifier::isStatic (13 bytes)
Event: 16.034 Thread 0x0000017fef50a070 nmethod 2745 0x0000017fe5f19210 code [0x0000017fe5f19380, 0x0000017fe5f193d8]
Event: 16.035 Thread 0x0000017ff08b0130 nmethod 2743 0x0000017fde8bf010 code [0x0000017fde8bf3e0, 0x0000017fde8c0be8]
Event: 16.035 Thread 0x0000017ff08b0130 2744       3       java.lang.invoke.MethodHandleNatives::canBeCalledVirtual (50 bytes)
Event: 16.035 Thread 0x0000017ff08b0130 nmethod 2744 0x0000017fde8c1390 code [0x0000017fde8c1580, 0x0000017fde8c1a48]
Event: 16.037 Thread 0x0000017ff08b0130 2746       3       jdk.internal.org.objectweb.asm.MethodWriter::visitTryCatchBlock (67 bytes)
Event: 16.038 Thread 0x0000017ff08b0130 nmethod 2746 0x0000017fde8c1c10 code [0x0000017fde8c1de0, 0x0000017fde8c2288]
Event: 16.039 Thread 0x0000017ff08b0130 2747       3       java.lang.reflect.ProxyGenerator::dotToSlash (9 bytes)
Event: 16.039 Thread 0x0000017ff08b0130 nmethod 2747 0x0000017fde8c2490 code [0x0000017fde8c2620, 0x0000017fde8c2748]
Event: 16.040 Thread 0x0000017fef50a070 2748       4       jdk.internal.org.objectweb.asm.Frame::execute (2318 bytes)
Event: 16.040 Thread 0x0000017ff08b0130 2749       3       jdk.internal.org.objectweb.asm.MethodWriter::visitLdcInsn (215 bytes)
Event: 16.041 Thread 0x0000017ff08b0130 nmethod 2749 0x0000017fde8c2810 code [0x0000017fde8c2a80, 0x0000017fde8c35a8]
Event: 16.042 Thread 0x0000017ff08b0130 2750       3       jdk.internal.org.objectweb.asm.SymbolTable::put (150 bytes)
Event: 16.042 Thread 0x0000017ff08b0130 nmethod 2750 0x0000017fde8c3a10 code [0x0000017fde8c3be0, 0x0000017fde8c42f8]
Event: 16.045 Thread 0x0000017ff08b0130 2751       3       java.lang.PublicMethods$MethodList::<init> (10 bytes)
Event: 16.045 Thread 0x0000017ff08b0130 nmethod 2751 0x0000017fde8c4610 code [0x0000017fde8c47a0, 0x0000017fde8c4918]
Event: 16.045 Thread 0x0000017ff08b0130 2752       3       java.lang.Class::getInterfaces (49 bytes)
Event: 16.046 Thread 0x0000017ff08b0130 nmethod 2752 0x0000017fde8c4a10 code [0x0000017fde8c4c00, 0x0000017fde8c5098]
Event: 16.046 Thread 0x0000017ff08b0130 2753       3       java.lang.PublicMethods$MethodList::filter (104 bytes)
Event: 16.047 Thread 0x0000017ff08b0130 nmethod 2753 0x0000017fde8c5210 code [0x0000017fde8c5440, 0x0000017fde8c5db8]

GC Heap History (16 events):
Event: 3.129 GC heap before
{Heap before GC invocations=1 (full 0):
 PSYoungGen      total 29696K, used 25600K [0x00000000eab00000, 0x00000000ecc00000, 0x0000000100000000)
  eden space 25600K, 100% used [0x00000000eab00000,0x00000000ec400000,0x00000000ec400000)
  from space 4096K, 0% used [0x00000000ec800000,0x00000000ec800000,0x00000000ecc00000)
  to   space 4096K, 0% used [0x00000000ec400000,0x00000000ec400000,0x00000000ec800000)
 ParOldGen       total 68608K, used 0K [0x00000000c0000000, 0x00000000c4300000, 0x00000000eab00000)
  object space 68608K, 0% used [0x00000000c0000000,0x00000000c0000000,0x00000000c4300000)
 Metaspace       used 11161K, committed 11328K, reserved 1064960K
  class space    used 1108K, committed 1216K, reserved 1048576K
}
Event: 3.153 GC heap after
{Heap after GC invocations=1 (full 0):
 PSYoungGen      total 29696K, used 3294K [0x00000000eab00000, 0x00000000ecc00000, 0x0000000100000000)
  eden space 25600K, 0% used [0x00000000eab00000,0x00000000eab00000,0x00000000ec400000)
  from space 4096K, 80% used [0x00000000ec400000,0x00000000ec737b18,0x00000000ec800000)
  to   space 4096K, 0% used [0x00000000ec800000,0x00000000ec800000,0x00000000ecc00000)
 ParOldGen       total 68608K, used 0K [0x00000000c0000000, 0x00000000c4300000, 0x00000000eab00000)
  object space 68608K, 0% used [0x00000000c0000000,0x00000000c0000000,0x00000000c4300000)
 Metaspace       used 11161K, committed 11328K, reserved 1064960K
  class space    used 1108K, committed 1216K, reserved 1048576K
}
Event: 6.572 GC heap before
{Heap before GC invocations=2 (full 0):
 PSYoungGen      total 29696K, used 28863K [0x00000000eab00000, 0x00000000ecc00000, 0x0000000100000000)
  eden space 25600K, 99% used [0x00000000eab00000,0x00000000ec3f8390,0x00000000ec400000)
  from space 4096K, 80% used [0x00000000ec400000,0x00000000ec737b18,0x00000000ec800000)
  to   space 4096K, 0% used [0x00000000ec800000,0x00000000ec800000,0x00000000ecc00000)
 ParOldGen       total 68608K, used 0K [0x00000000c0000000, 0x00000000c4300000, 0x00000000eab00000)
  object space 68608K, 0% used [0x00000000c0000000,0x00000000c0000000,0x00000000c4300000)
 Metaspace       used 15395K, committed 15680K, reserved 1064960K
  class space    used 1567K, committed 1728K, reserved 1048576K
}
Event: 6.584 GC heap after
{Heap after GC invocations=2 (full 0):
 PSYoungGen      total 29696K, used 4075K [0x00000000eab00000, 0x00000000ecc00000, 0x0000000100000000)
  eden space 25600K, 0% used [0x00000000eab00000,0x00000000eab00000,0x00000000ec400000)
  from space 4096K, 99% used [0x00000000ec800000,0x00000000ecbfac38,0x00000000ecc00000)
  to   space 4096K, 0% used [0x00000000ec400000,0x00000000ec400000,0x00000000ec800000)
 ParOldGen       total 68608K, used 838K [0x00000000c0000000, 0x00000000c4300000, 0x00000000eab00000)
  object space 68608K, 1% used [0x00000000c0000000,0x00000000c00d1860,0x00000000c4300000)
 Metaspace       used 15395K, committed 15680K, reserved 1064960K
  class space    used 1567K, committed 1728K, reserved 1048576K
}
Event: 8.423 GC heap before
{Heap before GC invocations=3 (full 0):
 PSYoungGen      total 29696K, used 29675K [0x00000000eab00000, 0x00000000ecc00000, 0x0000000100000000)
  eden space 25600K, 100% used [0x00000000eab00000,0x00000000ec400000,0x00000000ec400000)
  from space 4096K, 99% used [0x00000000ec800000,0x00000000ecbfac38,0x00000000ecc00000)
  to   space 4096K, 0% used [0x00000000ec400000,0x00000000ec400000,0x00000000ec800000)
 ParOldGen       total 68608K, used 838K [0x00000000c0000000, 0x00000000c4300000, 0x00000000eab00000)
  object space 68608K, 1% used [0x00000000c0000000,0x00000000c00d1860,0x00000000c4300000)
 Metaspace       used 20525K, committed 20864K, reserved 1073152K
  class space    used 2080K, committed 2240K, reserved 1048576K
}
Event: 8.436 GC heap after
{Heap after GC invocations=3 (full 0):
 PSYoungGen      total 29696K, used 4070K [0x00000000eab00000, 0x00000000ecc00000, 0x0000000100000000)
  eden space 25600K, 0% used [0x00000000eab00000,0x00000000eab00000,0x00000000ec400000)
  from space 4096K, 99% used [0x00000000ec400000,0x00000000ec7f9920,0x00000000ec800000)
  to   space 4096K, 0% used [0x00000000ec800000,0x00000000ec800000,0x00000000ecc00000)
 ParOldGen       total 68608K, used 2839K [0x00000000c0000000, 0x00000000c4300000, 0x00000000eab00000)
  object space 68608K, 4% used [0x00000000c0000000,0x00000000c02c5fa0,0x00000000c4300000)
 Metaspace       used 20525K, committed 20864K, reserved 1073152K
  class space    used 2080K, committed 2240K, reserved 1048576K
}
Event: 8.641 GC heap before
{Heap before GC invocations=4 (full 0):
 PSYoungGen      total 29696K, used 7478K [0x00000000eab00000, 0x00000000ecc00000, 0x0000000100000000)
  eden space 25600K, 13% used [0x00000000eab00000,0x00000000eae540d8,0x00000000ec400000)
  from space 4096K, 99% used [0x00000000ec400000,0x00000000ec7f9920,0x00000000ec800000)
  to   space 4096K, 0% used [0x00000000ec800000,0x00000000ec800000,0x00000000ecc00000)
 ParOldGen       total 68608K, used 2839K [0x00000000c0000000, 0x00000000c4300000, 0x00000000eab00000)
  object space 68608K, 4% used [0x00000000c0000000,0x00000000c02c5fa0,0x00000000c4300000)
 Metaspace       used 21027K, committed 21504K, reserved 1073152K
  class space    used 2142K, committed 2368K, reserved 1048576K
}
Event: 8.650 GC heap after
{Heap after GC invocations=4 (full 0):
 PSYoungGen      total 29696K, used 4069K [0x00000000eab00000, 0x00000000ecc00000, 0x0000000100000000)
  eden space 25600K, 0% used [0x00000000eab00000,0x00000000eab00000,0x00000000ec400000)
  from space 4096K, 99% used [0x00000000ec800000,0x00000000ecbf95b8,0x00000000ecc00000)
  to   space 4096K, 0% used [0x00000000ec400000,0x00000000ec400000,0x00000000ec800000)
 ParOldGen       total 68608K, used 2959K [0x00000000c0000000, 0x00000000c4300000, 0x00000000eab00000)
  object space 68608K, 4% used [0x00000000c0000000,0x00000000c02e3fa0,0x00000000c4300000)
 Metaspace       used 21027K, committed 21504K, reserved 1073152K
  class space    used 2142K, committed 2368K, reserved 1048576K
}
Event: 8.650 GC heap before
{Heap before GC invocations=5 (full 1):
 PSYoungGen      total 29696K, used 4069K [0x00000000eab00000, 0x00000000ecc00000, 0x0000000100000000)
  eden space 25600K, 0% used [0x00000000eab00000,0x00000000eab00000,0x00000000ec400000)
  from space 4096K, 99% used [0x00000000ec800000,0x00000000ecbf95b8,0x00000000ecc00000)
  to   space 4096K, 0% used [0x00000000ec400000,0x00000000ec400000,0x00000000ec800000)
 ParOldGen       total 68608K, used 2959K [0x00000000c0000000, 0x00000000c4300000, 0x00000000eab00000)
  object space 68608K, 4% used [0x00000000c0000000,0x00000000c02e3fa0,0x00000000c4300000)
 Metaspace       used 21027K, committed 21504K, reserved 1073152K
  class space    used 2142K, committed 2368K, reserved 1048576K
}
Event: 8.706 GC heap after
{Heap after GC invocations=5 (full 1):
 PSYoungGen      total 29696K, used 0K [0x00000000eab00000, 0x00000000ecc00000, 0x0000000100000000)
  eden space 25600K, 0% used [0x00000000eab00000,0x00000000eab00000,0x00000000ec400000)
  from space 4096K, 0% used [0x00000000ec800000,0x00000000ec800000,0x00000000ecc00000)
  to   space 4096K, 0% used [0x00000000ec400000,0x00000000ec400000,0x00000000ec800000)
 ParOldGen       total 68608K, used 6884K [0x00000000c0000000, 0x00000000c4300000, 0x00000000eab00000)
  object space 68608K, 10% used [0x00000000c0000000,0x00000000c06b9358,0x00000000c4300000)
 Metaspace       used 21013K, committed 21504K, reserved 1073152K
  class space    used 2138K, committed 2368K, reserved 1048576K
}
Event: 9.885 GC heap before
{Heap before GC invocations=6 (full 1):
 PSYoungGen      total 29696K, used 25600K [0x00000000eab00000, 0x00000000ecc00000, 0x0000000100000000)
  eden space 25600K, 100% used [0x00000000eab00000,0x00000000ec400000,0x00000000ec400000)
  from space 4096K, 0% used [0x00000000ec800000,0x00000000ec800000,0x00000000ecc00000)
  to   space 4096K, 0% used [0x00000000ec400000,0x00000000ec400000,0x00000000ec800000)
 ParOldGen       total 68608K, used 6884K [0x00000000c0000000, 0x00000000c4300000, 0x00000000eab00000)
  object space 68608K, 10% used [0x00000000c0000000,0x00000000c06b9358,0x00000000c4300000)
 Metaspace       used 24501K, committed 24960K, reserved 1073152K
  class space    used 2387K, committed 2624K, reserved 1048576K
}
Event: 9.887 GC heap after
{Heap after GC invocations=6 (full 1):
 PSYoungGen      total 26112K, used 616K [0x00000000eab00000, 0x00000000ec880000, 0x0000000100000000)
  eden space 25088K, 0% used [0x00000000eab00000,0x00000000eab00000,0x00000000ec380000)
  from space 1024K, 60% used [0x00000000ec400000,0x00000000ec49a1a8,0x00000000ec500000)
  to   space 2560K, 0% used [0x00000000ec600000,0x00000000ec600000,0x00000000ec880000)
 ParOldGen       total 68608K, used 6884K [0x00000000c0000000, 0x00000000c4300000, 0x00000000eab00000)
  object space 68608K, 10% used [0x00000000c0000000,0x00000000c06b9358,0x00000000c4300000)
 Metaspace       used 24501K, committed 24960K, reserved 1073152K
  class space    used 2387K, committed 2624K, reserved 1048576K
}
Event: 11.540 GC heap before
{Heap before GC invocations=7 (full 1):
 PSYoungGen      total 26112K, used 25704K [0x00000000eab00000, 0x00000000ec880000, 0x0000000100000000)
  eden space 25088K, 100% used [0x00000000eab00000,0x00000000ec380000,0x00000000ec380000)
  from space 1024K, 60% used [0x00000000ec400000,0x00000000ec49a1a8,0x00000000ec500000)
  to   space 2560K, 0% used [0x00000000ec600000,0x00000000ec600000,0x00000000ec880000)
 ParOldGen       total 68608K, used 6884K [0x00000000c0000000, 0x00000000c4300000, 0x00000000eab00000)
  object space 68608K, 10% used [0x00000000c0000000,0x00000000c06b9358,0x00000000c4300000)
 Metaspace       used 27369K, committed 27904K, reserved 1081344K
  class space    used 2631K, committed 2880K, reserved 1048576K
}
Event: 11.544 GC heap after
{Heap after GC invocations=7 (full 1):
 PSYoungGen      total 26112K, used 1141K [0x00000000eab00000, 0x00000000ec780000, 0x0000000100000000)
  eden space 24576K, 0% used [0x00000000eab00000,0x00000000eab00000,0x00000000ec300000)
  from space 1536K, 74% used [0x00000000ec600000,0x00000000ec71d590,0x00000000ec780000)
  to   space 1536K, 0% used [0x00000000ec480000,0x00000000ec480000,0x00000000ec600000)
 ParOldGen       total 68608K, used 6892K [0x00000000c0000000, 0x00000000c4300000, 0x00000000eab00000)
  object space 68608K, 10% used [0x00000000c0000000,0x00000000c06bb358,0x00000000c4300000)
 Metaspace       used 27369K, committed 27904K, reserved 1081344K
  class space    used 2631K, committed 2880K, reserved 1048576K
}
Event: 15.826 GC heap before
{Heap before GC invocations=8 (full 1):
 PSYoungGen      total 26112K, used 25717K [0x00000000eab00000, 0x00000000ec780000, 0x0000000100000000)
  eden space 24576K, 100% used [0x00000000eab00000,0x00000000ec300000,0x00000000ec300000)
  from space 1536K, 74% used [0x00000000ec600000,0x00000000ec71d590,0x00000000ec780000)
  to   space 1536K, 0% used [0x00000000ec480000,0x00000000ec480000,0x00000000ec600000)
 ParOldGen       total 68608K, used 6892K [0x00000000c0000000, 0x00000000c4300000, 0x00000000eab00000)
  object space 68608K, 10% used [0x00000000c0000000,0x00000000c06bb358,0x00000000c4300000)
 Metaspace       used 31841K, committed 32448K, reserved 1081344K
  class space    used 3181K, committed 3456K, reserved 1048576K
}
Event: 15.831 GC heap after
{Heap after GC invocations=8 (full 1):
 PSYoungGen      total 25600K, used 1516K [0x00000000eab00000, 0x00000000ec880000, 0x0000000100000000)
  eden space 24064K, 0% used [0x00000000eab00000,0x00000000eab00000,0x00000000ec280000)
  from space 1536K, 98% used [0x00000000ec480000,0x00000000ec5fb2c0,0x00000000ec600000)
  to   space 2560K, 0% used [0x00000000ec600000,0x00000000ec600000,0x00000000ec880000)
 ParOldGen       total 68608K, used 7836K [0x00000000c0000000, 0x00000000c4300000, 0x00000000eab00000)
  object space 68608K, 11% used [0x00000000c0000000,0x00000000c07a73c8,0x00000000c4300000)
 Metaspace       used 31841K, committed 32448K, reserved 1081344K
  class space    used 3181K, committed 3456K, reserved 1048576K
}

Dll operation events (10 events):
Event: 0.240 Loaded shared library c:\Users\pedro\.vscode\extensions\redhat.java-1.17.0-win32-x64\jre\17.0.6-win32-x86_64\bin\java.dll
Event: 0.845 Loaded shared library c:\Users\pedro\.vscode\extensions\redhat.java-1.17.0-win32-x64\jre\17.0.6-win32-x86_64\bin\zip.dll
Event: 0.852 Loaded shared library C:\Users\pedro\.vscode\extensions\redhat.java-1.17.0-win32-x64\jre\17.0.6-win32-x86_64\bin\instrument.dll
Event: 0.879 Loaded shared library C:\Users\pedro\.vscode\extensions\redhat.java-1.17.0-win32-x64\jre\17.0.6-win32-x86_64\bin\net.dll
Event: 0.886 Loaded shared library C:\Users\pedro\.vscode\extensions\redhat.java-1.17.0-win32-x64\jre\17.0.6-win32-x86_64\bin\nio.dll
Event: 0.897 Loaded shared library C:\Users\pedro\.vscode\extensions\redhat.java-1.17.0-win32-x64\jre\17.0.6-win32-x86_64\bin\zip.dll
Event: 0.931 Loaded shared library C:\Users\pedro\.vscode\extensions\redhat.java-1.17.0-win32-x64\jre\17.0.6-win32-x86_64\bin\jimage.dll
Event: 1.053 Loaded shared library c:\Users\pedro\.vscode\extensions\redhat.java-1.17.0-win32-x64\jre\17.0.6-win32-x86_64\bin\verify.dll
Event: 5.591 Loaded shared library C:\Users\pedro\AppData\Roaming\Code\User\globalStorage\redhat.java\1.17.0\config_ss_win\org.eclipse.equinox.launcher\org.eclipse.equinox.launcher.win32.win32.x86_64_1.2.700.v20221108-1024\eclipse_11801.dll
Event: 14.676 Loaded shared library C:\Users\pedro\AppData\Local\Temp\jna-76990316\jna1071634495551771287.dll

Deoptimization events (20 events):
Event: 14.251 Thread 0x0000017ff108a770 Uncommon trap: trap_request=0xffffff45 fr.pc=0x0000017fe5e68128 relative=0x0000000000000628
Event: 14.251 Thread 0x0000017ff108a770 Uncommon trap: reason=unstable_if action=reinterpret pc=0x0000017fe5e68128 method=java.lang.String.replace(Ljava/lang/CharSequence;Ljava/lang/CharSequence;)Ljava/lang/String; @ 42 c2
Event: 14.251 Thread 0x0000017ff108a770 DEOPT PACKING pc=0x0000017fe5e68128 sp=0x0000004baeffbc10
Event: 14.251 Thread 0x0000017ff108a770 DEOPT UNPACKING pc=0x0000017fe58d669d sp=0x0000004baeffbb90 mode 2
Event: 14.716 Thread 0x0000017ff108a770 Uncommon trap: trap_request=0xffffff45 fr.pc=0x0000017fe5ef5360 relative=0x0000000000000a00
Event: 14.716 Thread 0x0000017ff108a770 Uncommon trap: reason=unstable_if action=reinterpret pc=0x0000017fe5ef5360 method=jdk.internal.org.objectweb.asm.SymbolTable.put(Ljdk/internal/org/objectweb/asm/SymbolTable$Entry;)Ljdk/internal/org/objectweb/asm/SymbolTable$Entry; @ 13 c2
Event: 14.716 Thread 0x0000017ff108a770 DEOPT PACKING pc=0x0000017fe5ef5360 sp=0x0000004baeffc0d0
Event: 14.716 Thread 0x0000017ff108a770 DEOPT UNPACKING pc=0x0000017fe58d669d sp=0x0000004baeffc018 mode 2
Event: 14.850 Thread 0x0000017ff108a770 Uncommon trap: trap_request=0xffffff76 fr.pc=0x0000017fe5f036e0 relative=0x0000000000000620
Event: 14.850 Thread 0x0000017ff108a770 Uncommon trap: reason=predicate action=maybe_recompile pc=0x0000017fe5f036e0 method=java.util.TreeMap.getEntryUsingComparator(Ljava/lang/Object;)Ljava/util/TreeMap$Entry; @ 19 c2
Event: 14.850 Thread 0x0000017ff108a770 DEOPT PACKING pc=0x0000017fe5f036e0 sp=0x0000004baeffcca0
Event: 14.851 Thread 0x0000017ff108a770 DEOPT UNPACKING pc=0x0000017fe58d669d sp=0x0000004baeffcbc0 mode 2
Event: 15.107 Thread 0x0000017fdb6fce40 Uncommon trap: trap_request=0xffffff76 fr.pc=0x0000017fe5f01c60 relative=0x0000000000000620
Event: 15.107 Thread 0x0000017fdb6fce40 Uncommon trap: reason=predicate action=maybe_recompile pc=0x0000017fe5f01c60 method=java.util.TreeMap.getEntryUsingComparator(Ljava/lang/Object;)Ljava/util/TreeMap$Entry; @ 19 c2
Event: 15.107 Thread 0x0000017fdb6fce40 DEOPT PACKING pc=0x0000017fe5f01c60 sp=0x0000004baddfe3c0
Event: 15.107 Thread 0x0000017fdb6fce40 DEOPT UNPACKING pc=0x0000017fe58d669d sp=0x0000004baddfe370 mode 2
Event: 16.039 Thread 0x0000017fdb6fce40 Uncommon trap: trap_request=0xffffff45 fr.pc=0x0000017fe5ec1eb4 relative=0x0000000000000114
Event: 16.039 Thread 0x0000017fdb6fce40 Uncommon trap: reason=unstable_if action=reinterpret pc=0x0000017fe5ec1eb4 method=jdk.internal.org.objectweb.asm.SymbolTable.put(Ljdk/internal/org/objectweb/asm/SymbolTable$Entry;)Ljdk/internal/org/objectweb/asm/SymbolTable$Entry; @ 13 c2
Event: 16.039 Thread 0x0000017fdb6fce40 DEOPT PACKING pc=0x0000017fe5ec1eb4 sp=0x0000004baddfdc70
Event: 16.039 Thread 0x0000017fdb6fce40 DEOPT UNPACKING pc=0x0000017fe58d669d sp=0x0000004baddfdbd0 mode 2

Classes unloaded (7 events):
Event: 8.660 Thread 0x0000017fdb78ec60 Unloading class 0x0000000100212400 'java/lang/invoke/LambdaForm$MH+0x0000000100212400'
Event: 8.660 Thread 0x0000017fdb78ec60 Unloading class 0x0000000100212000 'java/lang/invoke/LambdaForm$MH+0x0000000100212000'
Event: 8.660 Thread 0x0000017fdb78ec60 Unloading class 0x0000000100211c00 'java/lang/invoke/LambdaForm$MH+0x0000000100211c00'
Event: 8.660 Thread 0x0000017fdb78ec60 Unloading class 0x0000000100211400 'java/lang/invoke/LambdaForm$MH+0x0000000100211400'
Event: 8.660 Thread 0x0000017fdb78ec60 Unloading class 0x0000000100211000 'java/lang/invoke/LambdaForm$BMH+0x0000000100211000'
Event: 8.660 Thread 0x0000017fdb78ec60 Unloading class 0x0000000100210c00 'java/lang/invoke/LambdaForm$DMH+0x0000000100210c00'
Event: 8.660 Thread 0x0000017fdb78ec60 Unloading class 0x000000010020e000 'java/lang/invoke/LambdaForm$DMH+0x000000010020e000'

Classes redefined (0 events):
No events

Internal exceptions (20 events):
Event: 11.418 Thread 0x0000017ff108a770 Exception <a 'java/lang/ClassNotFoundException'{0x00000000ec1b9878}: com/sun/org/apache/xerces/internal/impl/msg/spi/DOMMessagesProvider> (0x00000000ec1b9878) 
thrown [s\src\hotspot\share\classfile\systemDictionary.cpp, line 256]
Event: 11.466 Thread 0x0000017ff108a770 Exception <a 'java/lang/ClassNotFoundException'{0x00000000ec1f2f70}: com/sun/org/apache/xerces/internal/impl/msg/spi/XMLSerializerMessagesProvider> (0x00000000ec1f2f70) 
thrown [s\src\hotspot\share\classfile\systemDictionary.cpp, line 256]
Event: 11.480 Thread 0x0000017ff108a770 Exception <a 'java/lang/ClassNotFoundException'{0x00000000ec20b268}: com/sun/org/apache/xerces/internal/impl/msg/spi/XMLMessagesProvider> (0x00000000ec20b268) 
thrown [s\src\hotspot\share\classfile\systemDictionary.cpp, line 256]
Event: 11.533 Thread 0x0000017ff108a770 Exception <a 'java/lang/NoSuchMethodError'{0x00000000ec30ec18}: 'void java.lang.invoke.DirectMethodHandle$Holder.invokeVirtual(java.lang.Object, java.lang.Object)'> (0x00000000ec30ec18) 
thrown [s\src\hotspot\share\interpreter\linkResolver.cpp, line 759]
Event: 12.188 Thread 0x0000017ff108a770 Exception <a 'java/lang/NoSuchMethodError'{0x00000000eac81f40}: 'java.lang.Object java.lang.invoke.DirectMethodHandle$Holder.invokeStaticInit(java.lang.Object, int, int, int, int)'> (0x00000000eac81f40) 
thrown [s\src\hotspot\share\interpreter\linkResolver.cpp, line 759]
Event: 12.583 Thread 0x0000017ff108a770 Exception <a 'java/lang/NoSuchMethodError'{0x00000000ead02620}: 'java.lang.Object java.lang.invoke.DirectMethodHandle$Holder.invokeStaticInit(java.lang.Object, java.lang.Object, int, int, int, int)'> (0x00000000ead02620) 
thrown [s\src\hotspot\share\interpreter\linkResolver.cpp, line 759]
Event: 12.910 Thread 0x0000017ff108a770 Implicit null exception at 0x0000017fe5ef0c75 to 0x0000017fe5ef1820
Event: 12.977 Thread 0x0000017ff108a770 Exception <a 'java/lang/ClassNotFoundException'{0x00000000eb069ae8}: com/sun/org/apache/xml/internal/serializer/spi/XMLEntitiesProvider> (0x00000000eb069ae8) 
thrown [s\src\hotspot\share\classfile\systemDictionary.cpp, line 256]
Event: 13.798 Thread 0x0000017ff108a770 Exception <a 'java/io/FileNotFoundException'{0x00000000eb3cae08}> (0x00000000eb3cae08) 
thrown [s\src\hotspot\share\prims\jni.cpp, line 516]
Event: 14.834 Thread 0x0000017ff108a770 Exception <a 'java/lang/UnsatisfiedLinkError'{0x00000000eb750660}: Não foi possível encontrar o procedimento especificado.
> (0x00000000eb750660) 
thrown [s\src\hotspot\share\prims\jni.cpp, line 535]
Event: 14.847 Thread 0x0000017ff108a770 Exception <a 'java/io/FileNotFoundException'{0x00000000eb773848}> (0x00000000eb773848) 
thrown [s\src\hotspot\share\prims\jni.cpp, line 516]
Event: 14.866 Thread 0x0000017ff108a770 Exception <a 'java/io/FileNotFoundException'{0x00000000eb7e5e30}> (0x00000000eb7e5e30) 
thrown [s\src\hotspot\share\prims\jni.cpp, line 516]
Event: 15.051 Thread 0x0000017ff108a770 Exception <a 'java/lang/UnsatisfiedLinkError'{0x00000000eb872458}: Não foi possível encontrar o procedimento especificado.
> (0x00000000eb872458) 
thrown [s\src\hotspot\share\prims\jni.cpp, line 535]
Event: 15.235 Thread 0x0000017fdb6fce40 Exception <a 'java/lang/NoSuchMethodError'{0x00000000eba2ef90}: 'java.lang.Object java.lang.invoke.DirectMethodHandle$Holder.invokeStatic(java.lang.Object, java.lang.Object, long, java.lang.Object)'> (0x00000000eba2ef90) 
thrown [s\src\hotspot\share\interpreter\linkResolver.cpp, line 759]
Event: 15.236 Thread 0x0000017fdb6fce40 Exception <a 'java/lang/NoSuchMethodError'{0x00000000eba32a28}: 'java.lang.Object java.lang.invoke.DirectMethodHandle$Holder.invokeStaticInit(java.lang.Object, java.lang.Object, long, java.lang.Object)'> (0x00000000eba32a28) 
thrown [s\src\hotspot\share\interpreter\linkResolver.cpp, line 759]
Event: 15.243 Thread 0x0000017fdb6fce40 Exception <a 'java/lang/NoSuchMethodError'{0x00000000eba39038}: 'java.lang.Object java.lang.invoke.DirectMethodHandle$Holder.newInvokeSpecial(java.lang.Object, java.lang.Object, long)'> (0x00000000eba39038) 
thrown [s\src\hotspot\share\interpreter\linkResolver.cpp, line 759]
Event: 15.244 Thread 0x0000017fdb6fce40 Exception <a 'java/lang/NoSuchMethodError'{0x00000000eba3ca78}: 'java.lang.Object java.lang.invoke.Invokers$Holder.linkToTargetMethod(java.lang.Object, long, java.lang.Object)'> (0x00000000eba3ca78) 
thrown [s\src\hotspot\share\interpreter\linkResolver.cpp, line 759]
Event: 15.497 Thread 0x0000017fdb6fce40 Exception <a 'java/lang/NoSuchMethodError'{0x00000000ebbd6770}: 'void java.lang.invoke.DirectMethodHandle$Holder.invokeStatic(java.lang.Object, java.lang.Object, java.lang.Object, java.lang.Object)'> (0x00000000ebbd6770) 
thrown [s\src\hotspot\share\interpreter\linkResolver.cpp, line 759]
Event: 16.009 Thread 0x0000017fdb6fce40 Exception <a 'java/lang/NoSuchMethodError'{0x00000000eabdbbb8}: 'void java.lang.invoke.DirectMethodHandle$Holder.invokeSpecial(java.lang.Object, java.lang.Object, java.lang.Object, java.lang.Object, java.lang.Object, java.lang.Object)'> (0x00000000eabdbbb8) 
thrown [s\src\hotspot\share\interpreter\linkResolver.cpp, line 759]
Event: 16.024 Thread 0x0000017fdb6fce40 Exception <a 'java/lang/IncompatibleClassChangeError'{0x00000000eabebbd0}: Found class java.lang.Object, but interface was expected> (0x00000000eabebbd0) 
thrown [s\src\hotspot\share\interpreter\linkResolver.cpp, line 826]

VM Operations (20 events):
Event: 10.887 Executing VM operation: Cleanup
Event: 10.888 Executing VM operation: Cleanup done
Event: 11.539 Executing VM operation: ParallelGCFailedAllocation
Event: 11.546 Executing VM operation: ParallelGCFailedAllocation done
Event: 11.589 Executing VM operation: HandshakeAllThreads
Event: 11.589 Executing VM operation: HandshakeAllThreads done
Event: 12.591 Executing VM operation: Cleanup
Event: 12.746 Executing VM operation: Cleanup done
Event: 13.070 Executing VM operation: HandshakeAllThreads
Event: 13.070 Executing VM operation: HandshakeAllThreads done
Event: 14.070 Executing VM operation: Cleanup
Event: 14.070 Executing VM operation: Cleanup done
Event: 14.702 Executing VM operation: HandshakeAllThreads
Event: 14.702 Executing VM operation: HandshakeAllThreads done
Event: 15.095 Executing VM operation: HandshakeAllThreads
Event: 15.095 Executing VM operation: HandshakeAllThreads done
Event: 15.095 Executing VM operation: Cleanup
Event: 15.103 Executing VM operation: Cleanup done
Event: 15.826 Executing VM operation: ParallelGCFailedAllocation
Event: 15.832 Executing VM operation: ParallelGCFailedAllocation done

Events (20 events):
Event: 15.610 loading class sun/reflect/generics/tree/BottomSignature done
Event: 15.610 loading class sun/reflect/generics/tree/Wildcard
Event: 15.610 loading class sun/reflect/generics/tree/Wildcard done
Event: 15.611 loading class sun/reflect/generics/reflectiveObjects/WildcardTypeImpl
Event: 15.611 loading class java/lang/reflect/WildcardType
Event: 15.611 loading class java/lang/reflect/WildcardType done
Event: 15.611 loading class sun/reflect/generics/reflectiveObjects/WildcardTypeImpl done
Event: 15.765 loading class java/math/BigDecimal
Event: 15.767 loading class java/math/BigDecimal done
Event: 15.784 loading class java/text/ParseException
Event: 15.784 loading class java/text/ParseException done
Event: 15.811 loading class java/util/concurrent/atomic/AtomicIntegerArray
Event: 15.811 loading class java/util/concurrent/atomic/AtomicIntegerArray done
Event: 15.813 loading class java/util/Currency
Event: 15.815 loading class java/util/Currency done
Event: 15.818 loading class java/util/concurrent/atomic/AtomicLongArray
Event: 15.824 loading class java/util/concurrent/atomic/AtomicLongArray done
Event: 16.052 loading class sun/util/locale/provider/DateFormatProviderImpl
Event: 16.058 loading class sun/util/locale/provider/DateFormatProviderImpl done
Event: 16.060 Thread 0x0000017ff0f5ffa0 Thread added: 0x0000017ff0f5ffa0


Dynamic libraries:
0x00007ff7b6080000 - 0x00007ff7b608e000 	c:\Users\pedro\.vscode\extensions\redhat.java-1.17.0-win32-x64\jre\17.0.6-win32-x86_64\bin\java.exe
0x00007ffe0f490000 - 0x00007ffe0f6a4000 	C:\WINDOWS\SYSTEM32\ntdll.dll
0x00007ffe0d3c0000 - 0x00007ffe0d482000 	C:\WINDOWS\System32\KERNEL32.DLL
0x00007ffe0c900000 - 0x00007ffe0cc9c000 	C:\WINDOWS\System32\KERNELBASE.dll
0x0000000063860000 - 0x0000000063b91000 	C:\Program Files\Norton Security\NortonData\22.22.9.11\Definitions\IPSDefs\20230421.061\IPSEng64.dll
0x00007ffe0d950000 - 0x00007ffe0d9fe000 	C:\WINDOWS\System32\ADVAPI32.dll
0x00007ffe0e250000 - 0x00007ffe0e2f7000 	C:\WINDOWS\System32\msvcrt.dll
0x00007ffe0ef60000 - 0x00007ffe0f004000 	C:\WINDOWS\System32\sechost.dll
0x00007ffe0d2a0000 - 0x00007ffe0d3b7000 	C:\WINDOWS\System32\RPCRT4.dll
0x00007ffe0e6b0000 - 0x00007ffe0e6b8000 	C:\WINDOWS\System32\PSAPI.DLL
0x00007ffe0cca0000 - 0x00007ffe0cdb1000 	C:\WINDOWS\System32\ucrtbase.dll
0x00007ffdff000000 - 0x00007ffdff017000 	c:\Users\pedro\.vscode\extensions\redhat.java-1.17.0-win32-x64\jre\17.0.6-win32-x86_64\bin\jli.dll
0x00007ffe0e300000 - 0x00007ffe0e4ab000 	C:\WINDOWS\System32\USER32.dll
0x00007ffe0c8d0000 - 0x00007ffe0c8f6000 	C:\WINDOWS\System32\win32u.dll
0x00007ffe0ef30000 - 0x00007ffe0ef59000 	C:\WINDOWS\System32\GDI32.dll
0x00007ffe0ce30000 - 0x00007ffe0cf43000 	C:\WINDOWS\System32\gdi32full.dll
0x00007ffe0d0c0000 - 0x00007ffe0d15a000 	C:\WINDOWS\System32\msvcp_win.dll
0x00007ffdfdbd0000 - 0x00007ffdfdbe9000 	c:\Users\pedro\.vscode\extensions\redhat.java-1.17.0-win32-x64\jre\17.0.6-win32-x86_64\bin\VCRUNTIME140.dll
0x00007ffdf99d0000 - 0x00007ffdf9c5e000 	C:\WINDOWS\WinSxS\amd64_microsoft.windows.common-controls_6595b64144ccf1df_6.0.22621.608_none_a9444ca7c10bb01d\COMCTL32.dll
0x00007ffe0d910000 - 0x00007ffe0d941000 	C:\WINDOWS\System32\IMM32.DLL
0x00007ffdfeb70000 - 0x00007ffdfeb7c000 	c:\Users\pedro\.vscode\extensions\redhat.java-1.17.0-win32-x64\jre\17.0.6-win32-x86_64\bin\vcruntime140_1.dll
0x00007ffdf81f0000 - 0x00007ffdf8281000 	c:\Users\pedro\.vscode\extensions\redhat.java-1.17.0-win32-x64\jre\17.0.6-win32-x86_64\bin\msvcp140.dll
0x00007ffdd04e0000 - 0x00007ffdd1127000 	c:\Users\pedro\.vscode\extensions\redhat.java-1.17.0-win32-x64\jre\17.0.6-win32-x86_64\bin\server\jvm.dll
0x00007ffde4aa0000 - 0x00007ffde4aa9000 	C:\WINDOWS\SYSTEM32\WSOCK32.dll
0x00007ffe0e6c0000 - 0x00007ffe0e731000 	C:\WINDOWS\System32\WS2_32.dll
0x00007ffdfeac0000 - 0x00007ffdfeaf4000 	C:\WINDOWS\SYSTEM32\WINMM.dll
0x00007ffdfe1c0000 - 0x00007ffdfe1ca000 	C:\WINDOWS\SYSTEM32\VERSION.dll
0x00007ffe0b920000 - 0x00007ffe0b938000 	C:\WINDOWS\SYSTEM32\kernel.appcore.dll
0x00007ffdfeb00000 - 0x00007ffdfeb0a000 	c:\Users\pedro\.vscode\extensions\redhat.java-1.17.0-win32-x64\jre\17.0.6-win32-x86_64\bin\jimage.dll
0x00007ffe0a480000 - 0x00007ffe0a6ae000 	C:\WINDOWS\SYSTEM32\DBGHELP.DLL
0x00007ffe0f0c0000 - 0x00007ffe0f449000 	C:\WINDOWS\System32\combase.dll
0x00007ffe0e5d0000 - 0x00007ffe0e6a7000 	C:\WINDOWS\System32\OLEAUT32.dll
0x00007ffdf29b0000 - 0x00007ffdf29e2000 	C:\WINDOWS\SYSTEM32\dbgcore.DLL
0x00007ffe0d220000 - 0x00007ffe0d29b000 	C:\WINDOWS\System32\bcryptPrimitives.dll
0x00007ffdfda10000 - 0x00007ffdfda1e000 	c:\Users\pedro\.vscode\extensions\redhat.java-1.17.0-win32-x64\jre\17.0.6-win32-x86_64\bin\instrument.dll
0x00007ffdf9730000 - 0x00007ffdf9755000 	c:\Users\pedro\.vscode\extensions\redhat.java-1.17.0-win32-x64\jre\17.0.6-win32-x86_64\bin\java.dll
0x00007ffdfd9d0000 - 0x00007ffdfd9e8000 	c:\Users\pedro\.vscode\extensions\redhat.java-1.17.0-win32-x64\jre\17.0.6-win32-x86_64\bin\zip.dll
0x00007ffe0e740000 - 0x00007ffe0ef30000 	C:\WINDOWS\System32\SHELL32.dll
0x00007ffe0a8e0000 - 0x00007ffe0b1ad000 	C:\WINDOWS\SYSTEM32\windows.storage.dll
0x00007ffe0a6b0000 - 0x00007ffe0a7ee000 	C:\WINDOWS\SYSTEM32\wintypes.dll
0x00007ffe0d670000 - 0x00007ffe0d761000 	C:\WINDOWS\System32\SHCORE.dll
0x00007ffe0db20000 - 0x00007ffe0db7e000 	C:\WINDOWS\System32\shlwapi.dll
0x00007ffe0c800000 - 0x00007ffe0c821000 	C:\WINDOWS\SYSTEM32\profapi.dll
0x00007ffdfa5a0000 - 0x00007ffdfa5b9000 	C:\Users\pedro\.vscode\extensions\redhat.java-1.17.0-win32-x64\jre\17.0.6-win32-x86_64\bin\net.dll
0x00007ffdfe980000 - 0x00007ffdfeab7000 	C:\WINDOWS\SYSTEM32\WINHTTP.dll
0x00007ffe0bd90000 - 0x00007ffe0bdf9000 	C:\WINDOWS\system32\mswsock.dll
0x00007ffdfa560000 - 0x00007ffdfa575000 	C:\Users\pedro\.vscode\extensions\redhat.java-1.17.0-win32-x64\jre\17.0.6-win32-x86_64\bin\nio.dll
0x00007ffdfab90000 - 0x00007ffdfaba0000 	c:\Users\pedro\.vscode\extensions\redhat.java-1.17.0-win32-x64\jre\17.0.6-win32-x86_64\bin\verify.dll
0x00007ffdf8d00000 - 0x00007ffdf8d3e000 	C:\Users\pedro\AppData\Roaming\Code\User\globalStorage\redhat.java\1.17.0\config_ss_win\org.eclipse.equinox.launcher\org.eclipse.equinox.launcher.win32.win32.x86_64_1.2.700.v20221108-1024\eclipse_11801.dll
0x00007ffe0d770000 - 0x00007ffe0d90c000 	C:\WINDOWS\System32\ole32.dll
0x00007ffe0bff0000 - 0x00007ffe0c00b000 	C:\WINDOWS\SYSTEM32\CRYPTSP.dll
0x00007ffe0b890000 - 0x00007ffe0b8c5000 	C:\WINDOWS\system32\rsaenh.dll
0x00007ffe0be90000 - 0x00007ffe0beb8000 	C:\WINDOWS\SYSTEM32\USERENV.dll
0x00007ffe0c1b0000 - 0x00007ffe0c1d8000 	C:\WINDOWS\SYSTEM32\bcrypt.dll
0x00007ffe0c010000 - 0x00007ffe0c01c000 	C:\WINDOWS\SYSTEM32\CRYPTBASE.dll
0x00007ffe0b490000 - 0x00007ffe0b4bd000 	C:\WINDOWS\SYSTEM32\IPHLPAPI.DLL
0x00007ffe0dd50000 - 0x00007ffe0dd59000 	C:\WINDOWS\System32\NSI.dll
0x00007ffdfe960000 - 0x00007ffdfe979000 	C:\WINDOWS\SYSTEM32\dhcpcsvc6.DLL
0x00007ffdfe940000 - 0x00007ffdfe95f000 	C:\WINDOWS\SYSTEM32\dhcpcsvc.DLL
0x00007ffe0b4c0000 - 0x00007ffe0b5b3000 	C:\WINDOWS\SYSTEM32\DNSAPI.dll
0x00007ffdf8810000 - 0x00007ffdf8855000 	C:\Users\pedro\AppData\Local\Temp\jna-76990316\jna1071634495551771287.dll

dbghelp: loaded successfully - version: 4.0.5 - missing functions: none
symbol engine: initialized successfully - sym options: 0x614 - pdb path: .;c:\Users\pedro\.vscode\extensions\redhat.java-1.17.0-win32-x64\jre\17.0.6-win32-x86_64\bin;C:\WINDOWS\SYSTEM32;C:\Program Files\Norton Security\NortonData\22.22.9.11\Definitions\IPSDefs\20230421.061;C:\WINDOWS\WinSxS\amd64_microsoft.windows.common-controls_6595b64144ccf1df_6.0.22621.608_none_a9444ca7c10bb01d;c:\Users\pedro\.vscode\extensions\redhat.java-1.17.0-win32-x64\jre\17.0.6-win32-x86_64\bin\server;C:\Users\pedro\AppData\Roaming\Code\User\globalStorage\redhat.java\1.17.0\config_ss_win\org.eclipse.equinox.launcher\org.eclipse.equinox.launcher.win32.win32.x86_64_1.2.700.v20221108-1024;C:\Users\pedro\AppData\Local\Temp\jna-76990316

VM Arguments:
jvm_args: --add-modules=ALL-SYSTEM --add-opens=java.base/java.util=ALL-UNNAMED --add-opens=java.base/java.lang=ALL-UNNAMED --add-opens=java.base/sun.nio.fs=ALL-UNNAMED -Declipse.application=org.eclipse.jdt.ls.core.id1 -Dosgi.bundles.defaultStartLevel=4 -Declipse.product=org.eclipse.jdt.ls.core.product -Djava.import.generatesMetadataFilesAtProjectRoot=false -Dfile.encoding=utf8 -XX:+UseParallelGC -XX:GCTimeRatio=4 -XX:AdaptiveSizePolicyWeight=90 -Dsun.zip.disableMemoryMapping=true -Xmx1G -Xms100m -Xlog:disable -javaagent:c:\Users\pedro\.vscode\extensions\redhat.java-1.17.0-win32-x64\lombok\lombok-1.18.24.jar 
java_command: c:\Users\pedro\.vscode\extensions\redhat.java-1.17.0-win32-x64\server\plugins\org.eclipse.equinox.launcher_1.6.400.v20210924-0641.jar -configuration c:\Users\pedro\AppData\Roaming\Code\User\globalStorage\redhat.java\1.17.0\config_ss_win -data c:\Users\pedro\AppData\Roaming\Code\User\workspaceStorage\adc8b3d5f5d27284598be805ee3f90d9\redhat.java\ss_ws
java_class_path (initial): c:\Users\pedro\.vscode\extensions\redhat.java-1.17.0-win32-x64\server\plugins\org.eclipse.equinox.launcher_1.6.400.v20210924-0641.jar
Launcher Type: SUN_STANDARD

[Global flags]
    uintx AdaptiveSizePolicyWeight                 = 90                                        {product} {command line}
     intx CICompilerCount                          = 2                                         {product} {ergonomic}
    uintx GCTimeRatio                              = 4                                         {product} {command line}
   size_t InitialHeapSize                          = 104857600                                 {product} {command line}
   size_t MaxHeapSize                              = 1073741824                                {product} {command line}
   size_t MaxNewSize                               = 357564416                                 {product} {ergonomic}
   size_t MinHeapDeltaBytes                        = 524288                                    {product} {ergonomic}
   size_t MinHeapSize                              = 104857600                                 {product} {command line}
   size_t NewSize                                  = 34603008                                  {product} {ergonomic}
    uintx NonNMethodCodeHeapSize                   = 5826188                                {pd product} {ergonomic}
    uintx NonProfiledCodeHeapSize                  = 122916026                              {pd product} {ergonomic}
   size_t OldSize                                  = 70254592                                  {product} {ergonomic}
    uintx ProfiledCodeHeapSize                     = 122916026                              {pd product} {ergonomic}
    uintx ReservedCodeCacheSize                    = 251658240                              {pd product} {ergonomic}
     bool SegmentedCodeCache                       = true                                      {product} {ergonomic}
   size_t SoftMaxHeapSize                          = 1073741824                             {manageable} {ergonomic}
     bool UseCompressedClassPointers               = true                           {product lp64_product} {ergonomic}
     bool UseCompressedOops                        = true                           {product lp64_product} {ergonomic}
     bool UseLargePagesIndividualAllocation        = false                                  {pd product} {ergonomic}
     bool UseParallelGC                            = true                                      {product} {command line}

Logging:
Log output configuration:
 #0: stdout all=off uptime,level,tags
 #1: stderr all=off uptime,level,tags

Environment Variables:
JAVA_HOME=C:\Users\pedro\AppData\Local\Programs\Eclipse Adoptium\jdk-17.0.6.10-hotspot\
PATH=C:\WINDOWS\system32;C:\WINDOWS;C:\WINDOWS\System32\Wbem;C:\WINDOWS\System32\WindowsPowerShell\v1.0\;C:\WINDOWS\System32\OpenSSH\;C:\Users\pedro\AppData\Local\Programs\Eclipse Adoptium\jdk-17.0.6.10-hotspot\bin;C:\Users\pedro\AppData\Local\Microsoft\WindowsApps;;C:\Users\pedro\AppData\Local\Programs\Microsoft VS Code\bin
USERNAME=Pedro
OS=Windows_NT
PROCESSOR_IDENTIFIER=Intel64 Family 6 Model 122 Stepping 8, GenuineIntel
TMP=C:\Users\pedro\AppData\Local\Temp
TEMP=C:\Users\pedro\AppData\Local\Temp



---------------  S Y S T E M  ---------------

OS:
 Windows 11 , 64 bit Build 22621 (10.0.22621.1485)
OS uptime: 9 days 18:08 hours

CPU: total 2 (initial active 2) (2 cores per cpu, 1 threads per core) family 6 model 122 stepping 8 microcode 0x18, cx8, cmov, fxsr, mmx, 3dnowpref, sse, sse2, sse3, ssse3, sse4.1, sse4.2, popcnt, tsc, tscinvbit, aes, erms, clmul, sha, clflush, clflushopt

Memory: 4k page, system-wide physical 3916M (193M free)
TotalPageFile size 15692M (AvailPageFile size 4M)
current process WorkingSet (physical memory assigned to process): 132M, peak: 143M
current process commit charge ("private bytes"): 220M, peak: 233M

vm_info: OpenJDK 64-Bit Server VM (17.0.6+10) for windows-amd64 JRE (17.0.6+10), built on Jan 18 2023 10:08:59 by "temurin" with MS VC++ 16.7 (VS2019)

END.
